<?xml version="1.0" encoding="UTF-8"?>
<!-- Generated by org.testng.reporters.JUnitXMLReporter -->
<testsuite ignored="0" hostname="Santosh-PC" failures="1" tests="2" name="Test" time="15.384" errors="0" timestamp="17 Feb 2019 11:03:44 GMT">
  <testcase classname="com.banking.runner.HomePageTest" name="FailTest" time="0.014">
    <failure type="java.lang.AssertionError" message="expected [true] but found [false]">
      <![CDATA[java.lang.AssertionError: expected [true] but found [false]
at com.banking.runner.HomePageTest.FailTest(HomePageTest.java:28)
... Removed 29 stack frames]]>
    </failure>
  </testcase> <!-- FailTest -->
  <testcase classname="com.banking.runner.HomePageTest" name="loginPageTest" time="0.176"/>
</testsuite> <!-- Test -->
